1569981788542	mozrunner::runner	INFO	Running command: "C:\\Program Files\\Mozilla Firefox\\firefox.exe" "-marionette" "-foreground" "-no-remote" "-profile" "C:\\Users\\Owner\\AppData\\Local\\Temp\\rust_mozprofile55z8mG"
1569981788825	addons.webextension.screenshots@mozilla.org	WARN	Loading extension 'screenshots@mozilla.org': Reading manifest: Invalid extension permission: mozillaAddons
1569981788825	addons.webextension.screenshots@mozilla.org	WARN	Loading extension 'screenshots@mozilla.org': Reading manifest: Invalid extension permission: telemetry
1569981788825	addons.webextension.screenshots@mozilla.org	WARN	Loading extension 'screenshots@mozilla.org': Reading manifest: Invalid extension permission: resource://pdf.js/
1569981788826	addons.webextension.screenshots@mozilla.org	WARN	Loading extension 'screenshots@mozilla.org': Reading manifest: Invalid extension permission: about:reader*
JavaScript error: resource://gre/modules/XULStore.jsm, line 66: Error: Can't find profile directory.
WARN: compileToBinary(259): 
C:\fakepath(337,18-133): warning X3571: pow(f, e) will not work for negative f, use abs(f) or conditionally handle negative values if you expect them
C:\fakepath(343,62-116): warning X3571: pow(f, e) will not work for negative f, use abs(f) or conditionally handle negative values if you expect them
C:\fakepath(366,75-84): warning X3556: integer divides may be much slower, try using uints if possible.
C:\fakepath(369,50-59): warning X3556: integer modulus may be much slower, try using uints if possible.
C:\fakepath(385,33-90): warning X3571: pow(f, e) will not work for negative f, use abs(f) or conditionally handle negative values if you expect them
C:\fakepath(174,1-6): warning X4000: use of potentially uninitialized variable (dyn_index_vec4_float4)
C:\fakepath(289,25-29): error X4576: Input array signature parameter  cannot be indexed dynamically.

WARN: compileToBinary(259): 
C:\fakepath(337,18-133): warning X3571: pow(f, e) will not work for negative f, use abs(f) or conditionally handle negative values if you expect them
C:\fakepath(343,62-116): warning X3571: pow(f, e) will not work for negative f, use abs(f) or conditionally handle negative values if you expect them
C:\fakepath(366,75-84): warning X3556: integer divides may be much slower, try using uints if possible.
C:\fakepath(369,50-59): warning X3556: integer modulus may be much slower, try using uints if possible.
C:\fakepath(385,33-90): warning X3571: pow(f, e) will not work for negative f, use abs(f) or conditionally handle negative values if you expect them
C:\fakepath(174,1-6): warning X4000: use of potentially uninitialized variable (dyn_index_vec4_float4)
C:\fakepath(289,25-29): error X4576: Input array signature parameter  cannot be indexed dynamically.

WARN: compileToBinary(259): 
C:\fakepath(366,75-84): warning X3556: integer divides may be much slower, try using uints if possible.
C:\fakepath(369,50-59): warning X3556: integer modulus may be much slower, try using uints if possible.
C:\fakepath(174,1-6): warning X4000: use of potentially uninitialized variable (dyn_index_vec4_float4)
C:\fakepath(225,1): warning X4000: use of potentially uninitialized variable (f_distance_aa)
C:\fakepath(262,1): warning X4000: use of potentially uninitialized variable (f_do_clip)

[Parent 20868, Gecko_IOThread] WARNING: pipe error: 109: file z:/task_1568728986/build/src/ipc/chromium/src/chrome/common/ipc_channel_win.cc, line 341
[Child 16520, Chrome_ChildThread] WARNING: pipe error: 109: file z:/task_1568728986/build/src/ipc/chromium/src/chrome/common/ipc_channel_win.cc, line 341
[Child 16520, Chrome_C1569981790678	Marionette	INFO	Listening on port 63508
1569981791151	Marionette	WARN	TLS certificate errors will be ignored for this session
[Child 12188, Chrome_ChildThread] WARNING: pipe error: 109: file z:/task_1568728986/build/src/ipc/chromium/src/chrome/common/ipc_channel_win.cc, line 341
[Child 121[Parent 20868, Gecko_IOThread] WARNING: pipe error: 109: file z:/task_1568728986/build/src/ipc/chromium/src/chrome/common/ipc_channel_win.cc, line 341
[Child 16056, Chrome_ChildThread] WARNING: pipe error: 109: file z:/task_1568728986/build/src/ipc/chromium/src/chrome/common/ipc_channel_win.cc, line 341
[Child 16056[Parent 20868, Gecko_IOThread] WARNING: pipe error: 109: file z:/task_1568728986/build/src/ipc/chromium/src/chrome/common/ipc_channel_win.cc, line 341
[Child 19856, Chrome_ChildThread] WARNING: pipe error: 109: file z:/task_1568728986/build/src/ipc/chromium/src/chrome/common/ipc_channel_win.cc, line 341
[Child 19856, 1569981807426	Marionette	INFO	Stopped listening on port 63508

###!!! [Child][RunMessage] Error: Channel closing: too late to send/recv, messages will be lost

[GPU 928, Chrome_Ch
###!!! [Child][MessageChannel::SendAndWait] Error: Channel error: cannot send/recv

1569981837509	mozrunner::runner	INFO	Running command: "C:\\Program Files\\Mozilla Firefox\\firefox.exe" "-marionette" "-foreground" "-no-remote" "-profile" "C:\\Users\\Owner\\AppData\\Local\\Temp\\rust_mozprofilem2TC61"
1569981837779	addons.webextension.screenshots@mozilla.org	WARN	Loading extension 'screenshots@mozilla.org': Reading manifest: Invalid extension permission: mozillaAddons
1569981837779	addons.webextension.screenshots@mozilla.org	WARN	Loading extension 'screenshots@mozilla.org': Reading manifest: Invalid extension permission: telemetry
1569981837779	addons.webextension.screenshots@mozilla.org	WARN	Loading extension 'screenshots@mozilla.org': Reading manifest: Invalid extension permission: resource://pdf.js/
1569981837779	addons.webextension.screenshots@mozilla.org	WARN	Loading extension 'screenshots@mozilla.org': Reading manifest: Invalid extension permission: about:reader*
JavaScript error: resource://gre/modules/XULStore.jsm, line 66: Error: Can't find profile directory.
WARN: compileToBinary(259): 
C:\fakepath(337,18-133): warning X3571: pow(f, e) will not work for negative f, use abs(f) or conditionally handle negative values if you expect them
C:\fakepath(343,62-116): warning X3571: pow(f, e) will not work for negative f, use abs(f) or conditionally handle negative values if you expect them
C:\fakepath(366,75-84): warning X3556: integer divides may be much slower, try using uints if possible.
C:\fakepath(369,50-59): warning X3556: integer modulus may be much slower, try using uints if possible.
C:\fakepath(385,33-90): warning X3571: pow(f, e) will not work for negative f, use abs(f) or conditionally handle negative values if you expect them
C:\fakepath(174,1-6): warning X4000: use of potentially uninitialized variable (dyn_index_vec4_float4)
C:\fakepath(289,25-29): error X4576: Input array signature parameter  cannot be indexed dynamically.

WARN: compileToBinary(259): 
C:\fakepath(337,18-133): warning X3571: pow(f, e) will not work for negative f, use abs(f) or conditionally handle negative values if you expect them
C:\fakepath(343,62-116): warning X3571: pow(f, e) will not work for negative f, use abs(f) or conditionally handle negative values if you expect them
C:\fakepath(366,75-84): warning X3556: integer divides may be much slower, try using uints if possible.
C:\fakepath(369,50-59): warning X3556: integer modulus may be much slower, try using uints if possible.
C:\fakepath(385,33-90): warning X3571: pow(f, e) will not work for negative f, use abs(f) or conditionally handle negative values if you expect them
C:\fakepath(174,1-6): warning X4000: use of potentially uninitialized variable (dyn_index_vec4_float4)
C:\fakepath(289,25-29): error X4576: Input array signature parameter  cannot be indexed dynamically.

WARN: compileToBinary(259): 
C:\fakepath(366,75-84): warning X3556: integer divides may be much slower, try using uints if possible.
C:\fakepath(369,50-59): warning X3556: integer modulus may be much slower, try using uints if possible.
C:\fakepath(174,1-6): warning X4000: use of potentially uninitialized variable (dyn_index_vec4_float4)
C:\fakepath(225,1): warning X4000: use of potentially uninitialized variable (f_distance_aa)
C:\fakepath(262,1): warning X4000: use of potentially uninitialized variable (f_do_clip)

1569981839617	Marionette	INFO	Listening on port 63572
1569981839630	Marionette	WARN	TLS certificate errors will be ignored for this session
[Parent 22852, Gecko_IOThread] WARNING: pipe error: 109: file z:/task_1568728986/build/src/ipc/chromium/src/chrome/common/ipc_channel_win.cc, line 341
[Parent 22852, Gecko_IOThread] WARNING: pipe error: 109: file z:/task_1568728986/build/src/ipc/chromium/src/chrome/common/ipc_channel_win.cc, line 341
[Child 15936, Chrome_ChildThread] WARNING: pipe error: 109: file z:/task_1568728986/build/src/ipc/chromium/src/chrome/common/ipc_channel_win.cc, line 341
[Child 15936, Chrome_C[Child 17024, Chrome_ChildThread] WARNING: pipe error: 109: file z:/task_1568728986/build/src/ipc/chromium/src/chrome/common/ipc_channel_win.cc, line 341
[Child 17024,[Parent 22852, Gecko_IOThread] WARNING: pipe error: 109: file z:/task_1568728986/build/src/ipc/chromium/src/chrome/common/ipc_channel_win.cc, line 341
[Child 10076, Chrome_ChildThread] WARNING: pipe error: 109: file z:/task_1568728986/build/src/ipc/chromium/src/chrome/common/ipc_channel_win.cc, line 341
[Child 10076, C1569981883675	Marionette	INFO	Stopped listening on port 63572
[GPU 6156, Chr
###!!! [Child][RunMessage] Error: Channel closing: too late to send/recv, messages will be lost


###!!! [Child][MessageChannel::SendAndWait] Error: Channel error: cannot send/recv

1569981902884	mozrunner::runner	INFO	Running command: "C:\\Program Files\\Mozilla Firefox\\firefox.exe" "-marionette" "-foreground" "-no-remote" "-profile" "C:\\Users\\Owner\\AppData\\Local\\Temp\\rust_mozprofileJYC4ST"
1569981903151	addons.webextension.screenshots@mozilla.org	WARN	Loading extension 'screenshots@mozilla.org': Reading manifest: Invalid extension permission: mozillaAddons
1569981903151	addons.webextension.screenshots@mozilla.org	WARN	Loading extension 'screenshots@mozilla.org': Reading manifest: Invalid extension permission: telemetry
1569981903151	addons.webextension.screenshots@mozilla.org	WARN	Loading extension 'screenshots@mozilla.org': Reading manifest: Invalid extension permission: resource://pdf.js/
1569981903151	addons.webextension.screenshots@mozilla.org	WARN	Loading extension 'screenshots@mozilla.org': Reading manifest: Invalid extension permission: about:reader*
JavaScript error: resource://gre/modules/XULStore.jsm, line 66: Error: Can't find profile directory.
WARN: compileToBinary(259): 
C:\fakepath(337,18-133): warning X3571: pow(f, e) will not work for negative f, use abs(f) or conditionally handle negative values if you expect them
C:\fakepath(343,62-116): warning X3571: pow(f, e) will not work for negative f, use abs(f) or conditionally handle negative values if you expect them
C:\fakepath(366,75-84): warning X3556: integer divides may be much slower, try using uints if possible.
C:\fakepath(369,50-59): warning X3556: integer modulus may be much slower, try using uints if possible.
C:\fakepath(385,33-90): warning X3571: pow(f, e) will not work for negative f, use abs(f) or conditionally handle negative values if you expect them
C:\fakepath(174,1-6): warning X4000: use of potentially uninitialized variable (dyn_index_vec4_float4)
C:\fakepath(289,25-29): error X4576: Input array signature parameter  cannot be indexed dynamically.

WARN: compileToBinary(259): 
C:\fakepath(337,18-133): warning X3571: pow(f, e) will not work for negative f, use abs(f) or conditionally handle negative values if you expect them
C:\fakepath(343,62-116): warning X3571: pow(f, e) will not work for negative f, use abs(f) or conditionally handle negative values if you expect them
C:\fakepath(366,75-84): warning X3556: integer divides may be much slower, try using uints if possible.
C:\fakepath(369,50-59): warning X3556: integer modulus may be much slower, try using uints if possible.
C:\fakepath(385,33-90): warning X3571: pow(f, e) will not work for negative f, use abs(f) or conditionally handle negative values if you expect them
C:\fakepath(174,1-6): warning X4000: use of potentially uninitialized variable (dyn_index_vec4_float4)
C:\fakepath(289,25-29): error X4576: Input array signature parameter  cannot be indexed dynamically.

WARN: compileToBinary(259): 
C:\fakepath(366,75-84): warning X3556: integer divides may be much slower, try using uints if possible.
C:\fakepath(369,50-59): warning X3556: integer modulus may be much slower, try using uints if possible.
C:\fakepath(174,1-6): warning X4000: use of potentially uninitialized variable (dyn_index_vec4_float4)
C:\fakepath(225,1): warning X4000: use of potentially uninitialized variable (f_distance_aa)
C:\fakepath(262,1): warning X4000: use of potentially uninitialized variable (f_do_clip)

1569981904989	Marionette	INFO	Listening on port 63681
1569981905004	Marionette	WARN	TLS certificate errors will be ignored for this session
[Child 20088, Chrome_ChildThread] WARNING: pipe error: 109: file z:/task_1568728986/build/src/ipc/chromium/src/chrome/common/ipc_channel_win.cc, line 341
[Child 20088, Chrome_Ch[Child 22668, Chrome_ChildThread] WARNING: pipe error: 109: file z:/task_1568728986/build/src/ipc/chromium/src/chrome/common/ipc_channel_win.cc, line 341
[Child 22668, Chro[Parent 17884, Gecko_IOThread] WARNING: pipe error: 109: file z:/task_1568728986/build/src/ipc/chromium/src/chrome/common/ipc_channel_win.cc, line 341
[Child 928, Chrome_ChildThread] WARNING: pipe error: 109: file z:/task_1568728986/build/src/ipc/chromium/src/chrome/common/ipc_channel_win.cc, line 341
[Child 928, Chrome1569981912491	Marionette	INFO	Stopped listening on port 63681

###!!! [Child][RunMessage] Error: Channel closing: too late to send/recv, messages will be lost

[GPU 22412, Chro
###!!! [Child][MessageChannel::SendAndWait] Error: Channel error: cannot send/recv

1569982100965	mozrunner::runner	INFO	Running command: "C:\\Program Files\\Mozilla Firefox\\firefox.exe" "-marionette" "-foreground" "-no-remote" "-profile" "C:\\Users\\Owner\\AppData\\Local\\Temp\\rust_mozprofileQUSvsL"
1569982101239	addons.webextension.screenshots@mozilla.org	WARN	Loading extension 'screenshots@mozilla.org': Reading manifest: Invalid extension permission: mozillaAddons
1569982101240	addons.webextension.screenshots@mozilla.org	WARN	Loading extension 'screenshots@mozilla.org': Reading manifest: Invalid extension permission: telemetry
1569982101240	addons.webextension.screenshots@mozilla.org	WARN	Loading extension 'screenshots@mozilla.org': Reading manifest: Invalid extension permission: resource://pdf.js/
1569982101240	addons.webextension.screenshots@mozilla.org	WARN	Loading extension 'screenshots@mozilla.org': Reading manifest: Invalid extension permission: about:reader*
JavaScript error: resource://gre/modules/XULStore.jsm, line 66: Error: Can't find profile directory.
WARN: compileToBinary(259): 
C:\fakepath(337,18-133): warning X3571: pow(f, e) will not work for negative f, use abs(f) or conditionally handle negative values if you expect them
C:\fakepath(343,62-116): warning X3571: pow(f, e) will not work for negative f, use abs(f) or conditionally handle negative values if you expect them
C:\fakepath(366,75-84): warning X3556: integer divides may be much slower, try using uints if possible.
C:\fakepath(369,50-59): warning X3556: integer modulus may be much slower, try using uints if possible.
C:\fakepath(385,33-90): warning X3571: pow(f, e) will not work for negative f, use abs(f) or conditionally handle negative values if you expect them
C:\fakepath(174,1-6): warning X4000: use of potentially uninitialized variable (dyn_index_vec4_float4)
C:\fakepath(289,25-29): error X4576: Input array signature parameter  cannot be indexed dynamically.

WARN: compileToBinary(259): 
C:\fakepath(337,18-133): warning X3571: pow(f, e) will not work for negative f, use abs(f) or conditionally handle negative values if you expect them
C:\fakepath(343,62-116): warning X3571: pow(f, e) will not work for negative f, use abs(f) or conditionally handle negative values if you expect them
C:\fakepath(366,75-84): warning X3556: integer divides may be much slower, try using uints if possible.
C:\fakepath(369,50-59): warning X3556: integer modulus may be much slower, try using uints if possible.
C:\fakepath(385,33-90): warning X3571: pow(f, e) will not work for negative f, use abs(f) or conditionally handle negative values if you expect them
C:\fakepath(174,1-6): warning X4000: use of potentially uninitialized variable (dyn_index_vec4_float4)
C:\fakepath(289,25-29): error X4576: Input array signature parameter  cannot be indexed dynamically.

WARN: compileToBinary(259): 
C:\fakepath(366,75-84): warning X3556: integer divides may be much slower, try using uints if possible.
C:\fakepath(369,50-59): warning X3556: integer modulus may be much slower, try using uints if possible.
C:\fakepath(174,1-6): warning X4000: use of potentially uninitialized variable (dyn_index_vec4_float4)
C:\fakepath(225,1): warning X4000: use of potentially uninitialized variable (f_distance_aa)
C:\fakepath(262,1): warning X4000: use of potentially uninitialized variable (f_do_clip)

1569982103028	Marionette	INFO	Listening on port 63831
1569982103076	Marionette	WARN	TLS certificate errors will be ignored for this session
[Child 11816, Chrome_ChildThread] WARNING: pipe error: 109: file z:/task_1568728986/build/src/ipc/chromium/src/chrome/common/ipc_channel_win.cc, line 341
[Child 11816, Chr[Child 21448, Chrome_ChildThread] WARNING: pipe error: 109: file z:/task_1568728986/build/src/ipc/chromium/src/chrome/common/ipc_channel_win.cc, line 341
[Child 21448, [Parent 19604, Gecko_IOThread] WARNING: pipe error: 109: file z:/task_1568728986/build/src/ipc/chromium/src/chrome/common/ipc_channel_win.cc, line 341
[Child 3148, Chrome_ChildThread] WARNING: pipe error: 109: file z:/task_1568728986/build/src/ipc/chromium/src/chrome/common/ipc_channel_win.cc, line 341
[Child 3148, C1569982132165	Marionette	INFO	Stopped listening on port 63831
[GPU 19512, C
###!!! [Child][MessageChannel::SendAndWait] Error: Channel error: cannot send/recv

1569982252689	mozrunner::runner	INFO	Running command: "C:\\Program Files\\Mozilla Firefox\\firefox.exe" "-marionette" "-foreground" "-no-remote" "-profile" "C:\\Users\\Owner\\AppData\\Local\\Temp\\rust_mozprofileQjE5Vo"
1569982252952	addons.webextension.screenshots@mozilla.org	WARN	Loading extension 'screenshots@mozilla.org': Reading manifest: Invalid extension permission: mozillaAddons
1569982252953	addons.webextension.screenshots@mozilla.org	WARN	Loading extension 'screenshots@mozilla.org': Reading manifest: Invalid extension permission: telemetry
1569982252953	addons.webextension.screenshots@mozilla.org	WARN	Loading extension 'screenshots@mozilla.org': Reading manifest: Invalid extension permission: resource://pdf.js/
1569982252953	addons.webextension.screenshots@mozilla.org	WARN	Loading extension 'screenshots@mozilla.org': Reading manifest: Invalid extension permission: about:reader*
JavaScript error: resource://gre/modules/XULStore.jsm, line 66: Error: Can't find profile directory.
WARN: compileToBinary(259): 
C:\fakepath(337,18-133): warning X3571: pow(f, e) will not work for negative f, use abs(f) or conditionally handle negative values if you expect them
C:\fakepath(343,62-116): warning X3571: pow(f, e) will not work for negative f, use abs(f) or conditionally handle negative values if you expect them
C:\fakepath(366,75-84): warning X3556: integer divides may be much slower, try using uints if possible.
C:\fakepath(369,50-59): warning X3556: integer modulus may be much slower, try using uints if possible.
C:\fakepath(385,33-90): warning X3571: pow(f, e) will not work for negative f, use abs(f) or conditionally handle negative values if you expect them
C:\fakepath(174,1-6): warning X4000: use of potentially uninitialized variable (dyn_index_vec4_float4)
C:\fakepath(289,25-29): error X4576: Input array signature parameter  cannot be indexed dynamically.

WARN: compileToBinary(259): 
C:\fakepath(337,18-133): warning X3571: pow(f, e) will not work for negative f, use abs(f) or conditionally handle negative values if you expect them
C:\fakepath(343,62-116): warning X3571: pow(f, e) will not work for negative f, use abs(f) or conditionally handle negative values if you expect them
C:\fakepath(366,75-84): warning X3556: integer divides may be much slower, try using uints if possible.
C:\fakepath(369,50-59): warning X3556: integer modulus may be much slower, try using uints if possible.
C:\fakepath(385,33-90): warning X3571: pow(f, e) will not work for negative f, use abs(f) or conditionally handle negative values if you expect them
C:\fakepath(174,1-6): warning X4000: use of potentially uninitialized variable (dyn_index_vec4_float4)
C:\fakepath(289,25-29): error X4576: Input array signature parameter  cannot be indexed dynamically.

WARN: compileToBinary(259): 
C:\fakepath(366,75-84): warning X3556: integer divides may be much slower, try using uints if possible.
C:\fakepath(369,50-59): warning X3556: integer modulus may be much slower, try using uints if possible.
C:\fakepath(174,1-6): warning X4000: use of potentially uninitialized variable (dyn_index_vec4_float4)
C:\fakepath(225,1): warning X4000: use of potentially uninitialized variable (f_distance_aa)
C:\fakepath(262,1): warning X4000: use of potentially uninitialized variable (f_do_clip)

[Parent 20812, Gecko_IOThread] WARNING: pipe error: 109: file z:/task_1568728986/build/src/ipc/chromium/src/chrome/common/ipc_channel_win.cc, line 341
[Child 16428, Chrome_ChildThread] WARNING: pipe error: 109: file z:/task_1568728986/build/src/ipc/chromium/src/chrome/common/ipc_channel_win.cc, line 341
[Child 164281569982254809	Marionette	INFO	Listening on port 64010
1569982255297	Marionette	WARN	TLS certificate errors will be ignored for this session
[Child 22392, Chrome_ChildThread] WARNING: pipe error: 109: file z:/task_1568728986/build/src/ipc/chromium/src/chrome/common/ipc_channel_win.cc, line 341
[Child 22392, Chro[Parent 20812, Gecko_IOThread] WARNING: pipe error: 109: file z:/task_1568728986/build/src/ipc/chromium/src/chrome/common/ipc_channel_win.cc, line 341
[Child 12796, Chrome_ChildThread] WARNING: pipe error: 109: file z:/task_1568728986/build/src/ipc/chromium/src/chrome/common/ipc_channel_win.cc, line 341
[Child 12796, [Parent 20812, Gecko_IOThread] WARNING: pipe error: 109: file z:/task_1568728986/build/src/ipc/chromium/src/chrome/common/ipc_channel_win.cc, line 341
[Child 1512, Chrome_ChildThread] WARNING: pipe error: 109: file z:/task_1568728986/build/src/ipc/chromium/src/chrome/common/ipc_channel_win.cc, line 341
[Child 1512, C1569982268493	Marionette	INFO	Stopped listening on port 64010
[GPU 20648, Chrome
###!!! [Child][MessageChannel::SendAndWait] Error: Channel error: cannot send/recv

